This file contains any messages produced by compilers while
running configure, to aid debugging if configure makes a mistake.

It was created by kyfd configure 0.0.5, which was
generated by GNU Autoconf 2.68.  Invocation command line was

  $ ./configure --prefix=/mnt/matylda6/baskar/experiments/G2P/24thFeb18/require/kyfd-0.0.5/build

## --------- ##
## Platform. ##
## --------- ##

hostname = pcspeech7.fit.vutbr.cz
uname -m = x86_64
uname -r = 4.4.110
uname -s = Linux
uname -v = #1 SMP Mon Jan 8 08:58:35 CET 2018

/usr/bin/uname -p = x86_64
/bin/uname -X     = unknown

/bin/arch              = x86_64
/usr/bin/arch -k       = unknown
/usr/convex/getsysinfo = unknown
/usr/bin/hostinfo      = unknown
/bin/machine           = unknown
/usr/bin/oslevel       = unknown
/bin/universe          = unknown

PATH: /homes/kazi/baskar/Tools/protobuf-3.1.0/build/bin
PATH: /homes/kazi/baskar/.npm-packages/node/bin
PATH: /homes/kazi/baskar/.npm-packages/bin
PATH: /homes/kazi/karafiat/bin/HTK_CVS//bin.linux
PATH: /mnt/matylda6/baskar/Kaldi/Updatable_Kaldi_GIT//src/bin
PATH: /mnt/matylda6/baskar/Kaldi/Updatable_Kaldi_GIT//src/chainbin
PATH: /mnt/matylda6/baskar/Kaldi/Updatable_Kaldi_GIT//src/featbin
PATH: /mnt/matylda6/baskar/Kaldi/Updatable_Kaldi_GIT//src/fgmmbin
PATH: /mnt/matylda6/baskar/Kaldi/Updatable_Kaldi_GIT//src/fstbin
PATH: /mnt/matylda6/baskar/Kaldi/Updatable_Kaldi_GIT//src/gmmbin
PATH: /mnt/matylda6/baskar/Kaldi/Updatable_Kaldi_GIT//src/ivectorbin
PATH: /mnt/matylda6/baskar/Kaldi/Updatable_Kaldi_GIT//src/kwsbin
PATH: /mnt/matylda6/baskar/Kaldi/Updatable_Kaldi_GIT//src/latbin
PATH: /mnt/matylda6/baskar/Kaldi/Updatable_Kaldi_GIT//src/lmbin
PATH: /mnt/matylda6/baskar/Kaldi/Updatable_Kaldi_GIT//src/nnet2bin
PATH: /mnt/matylda6/baskar/Kaldi/Updatable_Kaldi_GIT//src/nnet3bin
PATH: /mnt/matylda6/baskar/Kaldi/Updatable_Kaldi_GIT//src/nnetbin
PATH: /mnt/matylda6/baskar/Kaldi/Updatable_Kaldi_GIT//src/online2bin
PATH: /mnt/matylda6/baskar/Kaldi/Updatable_Kaldi_GIT//src/onlinebin
PATH: /mnt/matylda6/baskar/Kaldi/Updatable_Kaldi_GIT//src/sgmm2bin
PATH: /mnt/matylda6/baskar/Kaldi/Updatable_Kaldi_GIT//src/sgmmbin
PATH: /mnt/matylda6/baskar/experiments/kaldi/IS18/utils/
PATH: /mnt/matylda6/baskar/Kaldi/Updatable_Kaldi_GIT//tools/openfst/bin
PATH: /mnt/matylda6/baskar/Kaldi/Updatable_Kaldi_GIT//src/ivectorbin/
PATH: /mnt/matylda6/baskar/Kaldi/Updatable_Kaldi_GIT//tools/sctk/bin
PATH: local/pytel/
PATH: /mnt/matylda6/baskar/experiments/kaldi/IS18
PATH: /homes/kazi/baskar/.npm-packages/node/bin
PATH: /homes/kazi/baskar/.npm-packages/bin
PATH: /homes/kazi/karafiat/bin/HTK_CVS//bin.linux
PATH: /mnt/matylda6/baskar/Kaldi/Updatable_Kaldi_GIT//src/bin
PATH: /mnt/matylda6/baskar/Kaldi/Updatable_Kaldi_GIT//src/chainbin
PATH: /mnt/matylda6/baskar/Kaldi/Updatable_Kaldi_GIT//src/featbin
PATH: /mnt/matylda6/baskar/Kaldi/Updatable_Kaldi_GIT//src/fgmmbin
PATH: /mnt/matylda6/baskar/Kaldi/Updatable_Kaldi_GIT//src/fstbin
PATH: /mnt/matylda6/baskar/Kaldi/Updatable_Kaldi_GIT//src/gmmbin
PATH: /mnt/matylda6/baskar/Kaldi/Updatable_Kaldi_GIT//src/ivectorbin
PATH: /mnt/matylda6/baskar/Kaldi/Updatable_Kaldi_GIT//src/kwsbin
PATH: /mnt/matylda6/baskar/Kaldi/Updatable_Kaldi_GIT//src/latbin
PATH: /mnt/matylda6/baskar/Kaldi/Updatable_Kaldi_GIT//src/lmbin
PATH: /mnt/matylda6/baskar/Kaldi/Updatable_Kaldi_GIT//src/nnet2bin
PATH: /mnt/matylda6/baskar/Kaldi/Updatable_Kaldi_GIT//src/nnet3bin
PATH: /mnt/matylda6/baskar/Kaldi/Updatable_Kaldi_GIT//src/nnetbin
PATH: /mnt/matylda6/baskar/Kaldi/Updatable_Kaldi_GIT//src/online2bin
PATH: /mnt/matylda6/baskar/Kaldi/Updatable_Kaldi_GIT//src/onlinebin
PATH: /mnt/matylda6/baskar/Kaldi/Updatable_Kaldi_GIT//src/sgmm2bin
PATH: /mnt/matylda6/baskar/Kaldi/Updatable_Kaldi_GIT//src/sgmmbin
PATH: /mnt/matylda6/baskar/experiments/kaldi/IS18/utils/
PATH: /mnt/matylda6/baskar/Kaldi/Updatable_Kaldi_GIT//tools/openfst/bin
PATH: /mnt/matylda6/baskar/Kaldi/Updatable_Kaldi_GIT//tools/sctk/bin
PATH: PWD
PATH: /mnt/matylda6/baskar/Kaldi/Updatable_Kaldi_GIT//src/bin
PATH: /mnt/matylda6/baskar/Kaldi/Updatable_Kaldi_GIT//src/chainbin
PATH: /mnt/matylda6/baskar/Kaldi/Updatable_Kaldi_GIT//src/featbin
PATH: /mnt/matylda6/baskar/Kaldi/Updatable_Kaldi_GIT//src/fgmmbin
PATH: /mnt/matylda6/baskar/Kaldi/Updatable_Kaldi_GIT//src/fstbin
PATH: /mnt/matylda6/baskar/Kaldi/Updatable_Kaldi_GIT//src/gmmbin
PATH: /mnt/matylda6/baskar/Kaldi/Updatable_Kaldi_GIT//src/ivectorbin
PATH: /mnt/matylda6/baskar/Kaldi/Updatable_Kaldi_GIT//src/kwsbin
PATH: /mnt/matylda6/baskar/Kaldi/Updatable_Kaldi_GIT//src/latbin
PATH: /mnt/matylda6/baskar/Kaldi/Updatable_Kaldi_GIT//src/lmbin
PATH: /mnt/matylda6/baskar/Kaldi/Updatable_Kaldi_GIT//src/nnet2bin
PATH: /mnt/matylda6/baskar/Kaldi/Updatable_Kaldi_GIT//src/nnet3bin
PATH: /mnt/matylda6/baskar/Kaldi/Updatable_Kaldi_GIT//src/nnetbin
PATH: /mnt/matylda6/baskar/Kaldi/Updatable_Kaldi_GIT//src/online2bin
PATH: /mnt/matylda6/baskar/Kaldi/Updatable_Kaldi_GIT//src/onlinebin
PATH: /mnt/matylda6/baskar/Kaldi/Updatable_Kaldi_GIT//src/sgmm2bin
PATH: /mnt/matylda6/baskar/Kaldi/Updatable_Kaldi_GIT//src/sgmmbin
PATH: /mnt/matylda6/baskar/experiments/kaldi/IS18/utils/
PATH: /mnt/matylda6/baskar/Kaldi/Updatable_Kaldi_GIT//tools/openfst/bin
PATH: /mnt/matylda6/baskar/experiments/kaldi/IS18
PATH: /homes/kazi/baskar/Enthought/Canopy_64bit/User/bin
PATH: /homes/kazi/baskar/.npm-packages/node/bin
PATH: /homes/kazi/baskar/.npm-packages/bin
PATH: /homes/kazi/karafiat/bin/HTK_CVS//bin.linux
PATH: /homes/kazi/baskar/bin
PATH: /usr/local/bin
PATH: /bin
PATH: /usr/bin
PATH: /usr/local/sbin
PATH: /sbin
PATH: /usr/sbin
PATH: /usr/local/share/texlive/bin
PATH: /usr/local/share/Java/bin
PATH: /usr/local/share/OpenMPI/bin
PATH: /usr/local/share/HTK
PATH: /usr/local/share/PHTK
PATH: /usr/local/share/QuickNet
PATH: /usr/local/share/Srilm/bin
PATH: /usr/local/share/VirtualBox
PATH: /usr/local/share/Maven/bin
PATH: /usr/local/share/LLVM/bin
PATH: /usr/local/share/Clang/bin
PATH: /usr/local/share/Falcon/bin
PATH: /usr/local/share/SGE/bin/lx-amd64
PATH: /usr/local/share/Node.js/bin
PATH: /usr/local/share/cuda/bin/nvcc
PATH: /homes/kazi/karafiat/bin/STK
PATH: /homes/kazi/karafiat/bin/SNET_scripts
PATH: /mnt/matylda6/baskar/Kaldi/Updatable_Kaldi_GIT/tools/irstlm/bin
PATH: /mnt/matylda6/baskar/Kaldi/Updatable_Kaldi_GIT/tools/irstlm/bin
PATH: /usr/local/share/cuda/bin/nvcc
PATH: /homes/kazi/karafiat/bin/STK
PATH: /homes/kazi/karafiat/bin/SNET_scripts
PATH: /mnt/matylda6/baskar/Kaldi/Updatable_Kaldi_GIT/tools/irstlm/bin
PATH: /usr/local/share/cuda/bin/nvcc
PATH: /homes/kazi/karafiat/bin/STK
PATH: /homes/kazi/karafiat/bin/SNET_scripts


## ----------- ##
## Core tests. ##
## ----------- ##

configure:2463: checking build system type
configure:2477: result: x86_64-unknown-linux-gnu
configure:2497: checking host system type
configure:2510: result: x86_64-unknown-linux-gnu
configure:2551: checking how to print strings
configure:2578: result: printf
configure:2647: checking for gcc
configure:2663: found /usr/local/bin/gcc
configure:2674: result: gcc
configure:2903: checking for C compiler version
configure:2912: gcc --version >&5
gcc (GCC) 6.4.0
Copyright (C) 2017 Free Software Foundation, Inc.
This is free software; see the source for copying conditions.  There is NO
warranty; not even for MERCHANTABILITY or FITNESS FOR A PARTICULAR PURPOSE.

configure:2923: $? = 0
configure:2912: gcc -v >&5
Using built-in specs.
COLLECT_GCC=gcc
COLLECT_LTO_WRAPPER=/usr/local/libexec/gcc/x86_64-linux/6.4.0/lto-wrapper
Target: x86_64-linux
Configured with: ../configure --build=x86_64-linux --with-arch=westmere --with-tune=sandybridge --with-thread=posix --with-as=/usr/local/bin/as --with-ld=/usr/local/bin/ld --with-system-zlib --program-suffix=-6.4
Thread model: posix
gcc version 6.4.0 (GCC) 
configure:2923: $? = 0
configure:2912: gcc -V >&5
gcc: error: unrecognized command line option '-V'
gcc: fatal error: no input files
compilation terminated.
configure:2923: $? = 1
configure:2912: gcc -qversion >&5
gcc: error: unrecognized command line option '-qversion'; did you mean '--version'?
gcc: fatal error: no input files
compilation terminated.
configure:2923: $? = 1
configure:2943: checking whether the C compiler works
configure:2965: gcc    conftest.c  >&5
configure:2969: $? = 0
configure:3017: result: yes
configure:3020: checking for C compiler default output file name
configure:3022: result: a.out
configure:3028: checking for suffix of executables
configure:3035: gcc -o conftest    conftest.c  >&5
configure:3039: $? = 0
configure:3061: result: 
configure:3083: checking whether we are cross compiling
configure:3091: gcc -o conftest    conftest.c  >&5
configure:3095: $? = 0
configure:3102: ./conftest
configure:3106: $? = 0
configure:3121: result: no
configure:3126: checking for suffix of object files
configure:3148: gcc -c   conftest.c >&5
configure:3152: $? = 0
configure:3173: result: o
configure:3177: checking whether we are using the GNU C compiler
configure:3196: gcc -c   conftest.c >&5
configure:3196: $? = 0
configure:3205: result: yes
configure:3214: checking whether gcc accepts -g
configure:3234: gcc -c -g  conftest.c >&5
configure:3234: $? = 0
configure:3275: result: yes
configure:3292: checking for gcc option to accept ISO C89
configure:3356: gcc  -c -g -O2  conftest.c >&5
configure:3356: $? = 0
configure:3369: result: none needed
configure:3389: checking for a sed that does not truncate output
configure:3453: result: /bin/sed
configure:3471: checking for grep that handles long lines and -e
configure:3529: result: /bin/grep
configure:3534: checking for egrep
configure:3596: result: /bin/grep -E
configure:3601: checking for fgrep
configure:3663: result: /bin/grep -F
configure:3698: checking for ld used by gcc
configure:3765: result: /usr/local/bin/ld
configure:3772: checking if the linker (/usr/local/bin/ld) is GNU ld
configure:3787: result: yes
configure:3799: checking for BSD- or MS-compatible name lister (nm)
configure:3848: result: /usr/local/bin/nm -B
configure:3978: checking the name lister (/usr/local/bin/nm -B) interface
configure:3985: gcc -c -g -O2  conftest.c >&5
configure:3988: /usr/local/bin/nm -B "conftest.o"
configure:3991: output
0000000000000000 B some_variable
configure:3998: result: BSD nm
configure:4001: checking whether ln -s works
configure:4005: result: yes
configure:4013: checking the maximum length of command line arguments
configure:4143: result: 1572864
configure:4160: checking whether the shell understands some XSI constructs
configure:4170: result: yes
configure:4174: checking whether the shell understands "+="
configure:4180: result: yes
configure:4215: checking how to convert x86_64-unknown-linux-gnu file names to x86_64-unknown-linux-gnu format
configure:4255: result: func_convert_file_noop
configure:4262: checking how to convert x86_64-unknown-linux-gnu file names to toolchain format
configure:4282: result: func_convert_file_noop
configure:4289: checking for /usr/local/bin/ld option to reload object files
configure:4296: result: -r
configure:4370: checking for objdump
configure:4386: found /usr/local/bin/objdump
configure:4397: result: objdump
configure:4429: checking how to recognize dependent libraries
configure:4631: result: pass_all
configure:4716: checking for dlltool
configure:4746: result: no
configure:4776: checking how to associate runtime and link libraries
configure:4803: result: printf %s\n
configure:4864: checking for ar
configure:4880: found /usr/local/bin/ar
configure:4891: result: ar
configure:4928: checking for archiver @FILE support
configure:4945: gcc -c -g -O2  conftest.c >&5
configure:4945: $? = 0
configure:4948: ar cru libconftest.a @conftest.lst >&5
configure:4951: $? = 0
configure:4956: ar cru libconftest.a @conftest.lst >&5
ar: conftest.o: No such file or directory
configure:4959: $? = 1
configure:4971: result: @
configure:5029: checking for strip
configure:5045: found /usr/local/bin/strip
configure:5056: result: strip
configure:5128: checking for ranlib
configure:5144: found /usr/local/bin/ranlib
configure:5155: result: ranlib
configure:5232: checking for gawk
configure:5248: found /bin/gawk
configure:5259: result: gawk
configure:5299: checking command to parse /usr/local/bin/nm -B output from gcc object
configure:5419: gcc -c -g -O2  conftest.c >&5
configure:5422: $? = 0
configure:5426: /usr/local/bin/nm -B conftest.o \| sed -n -e 's/^.*[ ]\([ABCDGIRSTW][ABCDGIRSTW]*\)[ ][ ]*\([_A-Za-z][_A-Za-z0-9]*\)$/\1 \2 \2/p' | sed '/ __gnu_lto/d' \> conftest.nm
configure:5429: $? = 0
configure:5495: gcc -o conftest -g -O2   conftest.c conftstm.o >&5
configure:5498: $? = 0
configure:5536: result: ok
configure:5573: checking for sysroot
configure:5603: result: no
configure:5680: gcc -c -g -O2  conftest.c >&5
configure:5683: $? = 0
configure:5859: checking for mt
configure:5889: result: no
configure:5909: checking if : is a manifest tool
configure:5915: : '-?'
configure:5923: result: no
configure:6565: checking how to run the C preprocessor
configure:6596: gcc -E  conftest.c
configure:6596: $? = 0
configure:6610: gcc -E  conftest.c
conftest.c:9:28: fatal error: ac_nonexistent.h: No such file or directory
 #include <ac_nonexistent.h>
                            ^
compilation terminated.
configure:6610: $? = 1
configure: failed program was:
| /* confdefs.h */
| #define PACKAGE_NAME "kyfd"
| #define PACKAGE_TARNAME "kyfd"
| #define PACKAGE_VERSION "0.0.5"
| #define PACKAGE_STRING "kyfd 0.0.5"
| #define PACKAGE_BUGREPORT "kyfd@phontron.com"
| #define PACKAGE_URL ""
| /* end confdefs.h.  */
| #include <ac_nonexistent.h>
configure:6635: result: gcc -E
configure:6655: gcc -E  conftest.c
configure:6655: $? = 0
configure:6669: gcc -E  conftest.c
conftest.c:9:28: fatal error: ac_nonexistent.h: No such file or directory
 #include <ac_nonexistent.h>
                            ^
compilation terminated.
configure:6669: $? = 1
configure: failed program was:
| /* confdefs.h */
| #define PACKAGE_NAME "kyfd"
| #define PACKAGE_TARNAME "kyfd"
| #define PACKAGE_VERSION "0.0.5"
| #define PACKAGE_STRING "kyfd 0.0.5"
| #define PACKAGE_BUGREPORT "kyfd@phontron.com"
| #define PACKAGE_URL ""
| /* end confdefs.h.  */
| #include <ac_nonexistent.h>
configure:6698: checking for ANSI C header files
configure:6718: gcc -c -g -O2  conftest.c >&5
configure:6718: $? = 0
configure:6791: gcc -o conftest -g -O2   conftest.c  >&5
configure:6791: $? = 0
configure:6791: ./conftest
configure:6791: $? = 0
configure:6802: result: yes
configure:6815: checking for sys/types.h
configure:6815: gcc -c -g -O2  conftest.c >&5
configure:6815: $? = 0
configure:6815: result: yes
configure:6815: checking for sys/stat.h
configure:6815: gcc -c -g -O2  conftest.c >&5
configure:6815: $? = 0
configure:6815: result: yes
configure:6815: checking for stdlib.h
configure:6815: gcc -c -g -O2  conftest.c >&5
configure:6815: $? = 0
configure:6815: result: yes
configure:6815: checking for string.h
configure:6815: gcc -c -g -O2  conftest.c >&5
configure:6815: $? = 0
configure:6815: result: yes
configure:6815: checking for memory.h
configure:6815: gcc -c -g -O2  conftest.c >&5
configure:6815: $? = 0
configure:6815: result: yes
configure:6815: checking for strings.h
configure:6815: gcc -c -g -O2  conftest.c >&5
configure:6815: $? = 0
configure:6815: result: yes
configure:6815: checking for inttypes.h
configure:6815: gcc -c -g -O2  conftest.c >&5
configure:6815: $? = 0
configure:6815: result: yes
configure:6815: checking for stdint.h
configure:6815: gcc -c -g -O2  conftest.c >&5
configure:6815: $? = 0
configure:6815: result: yes
configure:6815: checking for unistd.h
configure:6815: gcc -c -g -O2  conftest.c >&5
configure:6815: $? = 0
configure:6815: result: yes
configure:6829: checking for dlfcn.h
configure:6829: gcc -c -g -O2  conftest.c >&5
configure:6829: $? = 0
configure:6829: result: yes
configure:7005: checking for objdir
configure:7020: result: .libs
configure:7287: checking if gcc supports -fno-rtti -fno-exceptions
configure:7305: gcc -c -g -O2  -fno-rtti -fno-exceptions conftest.c >&5
cc1: warning: command line option '-fno-rtti' is valid for C++/ObjC++ but not for C
configure:7309: $? = 0
configure:7322: result: no
configure:7649: checking for gcc option to produce PIC
configure:7656: result: -fPIC -DPIC
configure:7664: checking if gcc PIC flag -fPIC -DPIC works
configure:7682: gcc -c -g -O2  -fPIC -DPIC -DPIC conftest.c >&5
configure:7686: $? = 0
configure:7699: result: yes
configure:7728: checking if gcc static flag -static works
configure:7756: result: no
configure:7771: checking if gcc supports -c -o file.o
configure:7792: gcc -c -g -O2  -o out/conftest2.o conftest.c >&5
configure:7796: $? = 0
configure:7818: result: yes
configure:7826: checking if gcc supports -c -o file.o
configure:7873: result: yes
configure:7906: checking whether the gcc linker (/usr/local/bin/ld -m elf_x86_64) supports shared libraries
configure:9063: result: yes
configure:9303: checking dynamic linker characteristics
configure:9814: gcc -o conftest -g -O2   -Wl,-rpath -Wl,/foo conftest.c  >&5
configure:9814: $? = 0
configure:10048: result: GNU/Linux ld.so
configure:10155: checking how to hardcode library paths into programs
configure:10180: result: immediate
configure:10720: checking whether stripping libraries is possible
configure:10725: result: yes
configure:10760: checking if libtool supports shared libraries
configure:10762: result: yes
configure:10765: checking whether to build shared libraries
configure:10786: result: no
configure:10789: checking whether to build static libraries
configure:10793: result: yes
configure:10849: checking for a BSD-compatible install
configure:10917: result: /bin/install -c
configure:10928: checking whether build environment is sane
configure:10978: result: yes
configure:11119: checking for a thread-safe mkdir -p
configure:11158: result: /bin/mkdir -p
configure:11167: checking whether make sets $(MAKE)
configure:11189: result: yes
configure:11219: checking for style of include used by make
configure:11247: result: GNU
configure:11333: checking dependency style of gcc
configure:11444: result: gcc3
configure:11520: checking for g++
configure:11536: found /usr/local/bin/g++
configure:11547: result: g++
configure:11574: checking for C++ compiler version
configure:11583: g++ --version >&5
g++ (GCC) 6.4.0
Copyright (C) 2017 Free Software Foundation, Inc.
This is free software; see the source for copying conditions.  There is NO
warranty; not even for MERCHANTABILITY or FITNESS FOR A PARTICULAR PURPOSE.

configure:11594: $? = 0
configure:11583: g++ -v >&5
Using built-in specs.
COLLECT_GCC=g++
COLLECT_LTO_WRAPPER=/usr/local/libexec/gcc/x86_64-linux/6.4.0/lto-wrapper
Target: x86_64-linux
Configured with: ../configure --build=x86_64-linux --with-arch=westmere --with-tune=sandybridge --with-thread=posix --with-as=/usr/local/bin/as --with-ld=/usr/local/bin/ld --with-system-zlib --program-suffix=-6.4
Thread model: posix
gcc version 6.4.0 (GCC) 
configure:11594: $? = 0
configure:11583: g++ -V >&5
g++: error: unrecognized command line option '-V'
g++: fatal error: no input files
compilation terminated.
configure:11594: $? = 1
configure:11583: g++ -qversion >&5
g++: error: unrecognized command line option '-qversion'; did you mean '--version'?
g++: fatal error: no input files
compilation terminated.
configure:11594: $? = 1
configure:11598: checking whether we are using the GNU C++ compiler
configure:11617: g++ -c   conftest.cpp >&5
configure:11617: $? = 0
configure:11626: result: yes
configure:11635: checking whether g++ accepts -g
configure:11655: g++ -c -g  conftest.cpp >&5
configure:11655: $? = 0
configure:11696: result: yes
configure:11737: checking how to run the C++ preprocessor
configure:11764: g++ -E  conftest.cpp
configure:11764: $? = 0
configure:11778: g++ -E  conftest.cpp
conftest.cpp:23:28: fatal error: ac_nonexistent.h: No such file or directory
 #include <ac_nonexistent.h>
                            ^
compilation terminated.
configure:11778: $? = 1
configure: failed program was:
| /* confdefs.h */
| #define PACKAGE_NAME "kyfd"
| #define PACKAGE_TARNAME "kyfd"
| #define PACKAGE_VERSION "0.0.5"
| #define PACKAGE_STRING "kyfd 0.0.5"
| #define PACKAGE_BUGREPORT "kyfd@phontron.com"
| #define PACKAGE_URL ""
| #define STDC_HEADERS 1
| #define HAVE_SYS_TYPES_H 1
| #define HAVE_SYS_STAT_H 1
| #define HAVE_STDLIB_H 1
| #define HAVE_STRING_H 1
| #define HAVE_MEMORY_H 1
| #define HAVE_STRINGS_H 1
| #define HAVE_INTTYPES_H 1
| #define HAVE_STDINT_H 1
| #define HAVE_UNISTD_H 1
| #define HAVE_DLFCN_H 1
| #define LT_OBJDIR ".libs/"
| #define PACKAGE "kyfd"
| #define VERSION "0.0.5"
| /* end confdefs.h.  */
| #include <ac_nonexistent.h>
configure:11803: result: g++ -E
configure:11823: g++ -E  conftest.cpp
configure:11823: $? = 0
configure:11837: g++ -E  conftest.cpp
conftest.cpp:23:28: fatal error: ac_nonexistent.h: No such file or directory
 #include <ac_nonexistent.h>
                            ^
compilation terminated.
configure:11837: $? = 1
configure: failed program was:
| /* confdefs.h */
| #define PACKAGE_NAME "kyfd"
| #define PACKAGE_TARNAME "kyfd"
| #define PACKAGE_VERSION "0.0.5"
| #define PACKAGE_STRING "kyfd 0.0.5"
| #define PACKAGE_BUGREPORT "kyfd@phontron.com"
| #define PACKAGE_URL ""
| #define STDC_HEADERS 1
| #define HAVE_SYS_TYPES_H 1
| #define HAVE_SYS_STAT_H 1
| #define HAVE_STDLIB_H 1
| #define HAVE_STRING_H 1
| #define HAVE_MEMORY_H 1
| #define HAVE_STRINGS_H 1
| #define HAVE_INTTYPES_H 1
| #define HAVE_STDINT_H 1
| #define HAVE_UNISTD_H 1
| #define HAVE_DLFCN_H 1
| #define LT_OBJDIR ".libs/"
| #define PACKAGE "kyfd"
| #define VERSION "0.0.5"
| /* end confdefs.h.  */
| #include <ac_nonexistent.h>
configure:12006: checking for ld used by g++
configure:12073: result: /usr/local/bin/ld -m elf_x86_64
configure:12080: checking if the linker (/usr/local/bin/ld -m elf_x86_64) is GNU ld
configure:12095: result: yes
configure:12150: checking whether the g++ linker (/usr/local/bin/ld -m elf_x86_64) supports shared libraries
configure:13155: result: yes
configure:13191: g++ -c -g -O2  conftest.cpp >&5
configure:13194: $? = 0
configure:13714: checking for g++ option to produce PIC
configure:13721: result: -fPIC -DPIC
configure:13729: checking if g++ PIC flag -fPIC -DPIC works
configure:13747: g++ -c -g -O2  -fPIC -DPIC -DPIC conftest.cpp >&5
configure:13751: $? = 0
configure:13764: result: yes
configure:13787: checking if g++ static flag -static works
configure:13815: result: no
configure:13827: checking if g++ supports -c -o file.o
configure:13848: g++ -c -g -O2  -o out/conftest2.o conftest.cpp >&5
configure:13852: $? = 0
configure:13874: result: yes
configure:13879: checking if g++ supports -c -o file.o
configure:13926: result: yes
configure:13956: checking whether the g++ linker (/usr/local/bin/ld -m elf_x86_64) supports shared libraries
configure:13995: result: yes
configure:14136: checking dynamic linker characteristics
configure:14815: result: GNU/Linux ld.so
configure:14868: checking how to hardcode library paths into programs
configure:14893: result: immediate
configure:14935: checking dependency style of g++
configure:15046: result: gcc3
configure:15109: checking for gcc
configure:15136: result: gcc
configure:15365: checking for C compiler version
configure:15374: gcc --version >&5
gcc (GCC) 6.4.0
Copyright (C) 2017 Free Software Foundation, Inc.
This is free software; see the source for copying conditions.  There is NO
warranty; not even for MERCHANTABILITY or FITNESS FOR A PARTICULAR PURPOSE.

configure:15385: $? = 0
configure:15374: gcc -v >&5
Using built-in specs.
COLLECT_GCC=gcc
COLLECT_LTO_WRAPPER=/usr/local/libexec/gcc/x86_64-linux/6.4.0/lto-wrapper
Target: x86_64-linux
Configured with: ../configure --build=x86_64-linux --with-arch=westmere --with-tune=sandybridge --with-thread=posix --with-as=/usr/local/bin/as --with-ld=/usr/local/bin/ld --with-system-zlib --program-suffix=-6.4
Thread model: posix
gcc version 6.4.0 (GCC) 
configure:15385: $? = 0
configure:15374: gcc -V >&5
gcc: error: unrecognized command line option '-V'
gcc: fatal error: no input files
compilation terminated.
configure:15385: $? = 1
configure:15374: gcc -qversion >&5
gcc: error: unrecognized command line option '-qversion'; did you mean '--version'?
gcc: fatal error: no input files
compilation terminated.
configure:15385: $? = 1
configure:15389: checking whether we are using the GNU C compiler
configure:15417: result: yes
configure:15426: checking whether gcc accepts -g
configure:15487: result: yes
configure:15504: checking for gcc option to accept ISO C89
configure:15581: result: none needed
configure:15608: checking fst/fst.h usability
configure:15608: gcc -c -g -O2  conftest.c >&5
In file included from conftest.c:56:0:
/usr/local/include/fst/fst.h:12:17: fatal error: cmath: No such file or directory
 #include <cmath>
                 ^
compilation terminated.
configure:15608: $? = 1
configure: failed program was:
| /* confdefs.h */
| #define PACKAGE_NAME "kyfd"
| #define PACKAGE_TARNAME "kyfd"
| #define PACKAGE_VERSION "0.0.5"
| #define PACKAGE_STRING "kyfd 0.0.5"
| #define PACKAGE_BUGREPORT "kyfd@phontron.com"
| #define PACKAGE_URL ""
| #define STDC_HEADERS 1
| #define HAVE_SYS_TYPES_H 1
| #define HAVE_SYS_STAT_H 1
| #define HAVE_STDLIB_H 1
| #define HAVE_STRING_H 1
| #define HAVE_MEMORY_H 1
| #define HAVE_STRINGS_H 1
| #define HAVE_INTTYPES_H 1
| #define HAVE_STDINT_H 1
| #define HAVE_UNISTD_H 1
| #define HAVE_DLFCN_H 1
| #define LT_OBJDIR ".libs/"
| #define PACKAGE "kyfd"
| #define VERSION "0.0.5"
| /* end confdefs.h.  */
| #include <stdio.h>
| #ifdef HAVE_SYS_TYPES_H
| # include <sys/types.h>
| #endif
| #ifdef HAVE_SYS_STAT_H
| # include <sys/stat.h>
| #endif
| #ifdef STDC_HEADERS
| # include <stdlib.h>
| # include <stddef.h>
| #else
| # ifdef HAVE_STDLIB_H
| #  include <stdlib.h>
| # endif
| #endif
| #ifdef HAVE_STRING_H
| # if !defined STDC_HEADERS && defined HAVE_MEMORY_H
| #  include <memory.h>
| # endif
| # include <string.h>
| #endif
| #ifdef HAVE_STRINGS_H
| # include <strings.h>
| #endif
| #ifdef HAVE_INTTYPES_H
| # include <inttypes.h>
| #endif
| #ifdef HAVE_STDINT_H
| # include <stdint.h>
| #endif
| #ifdef HAVE_UNISTD_H
| # include <unistd.h>
| #endif
| #include <fst/fst.h>
configure:15608: result: no
configure:15608: checking fst/fst.h presence
configure:15608: gcc -E  conftest.c
In file included from conftest.c:23:0:
/usr/local/include/fst/fst.h:12:17: fatal error: cmath: No such file or directory
 #include <cmath>
                 ^
compilation terminated.
configure:15608: $? = 1
configure: failed program was:
| /* confdefs.h */
| #define PACKAGE_NAME "kyfd"
| #define PACKAGE_TARNAME "kyfd"
| #define PACKAGE_VERSION "0.0.5"
| #define PACKAGE_STRING "kyfd 0.0.5"
| #define PACKAGE_BUGREPORT "kyfd@phontron.com"
| #define PACKAGE_URL ""
| #define STDC_HEADERS 1
| #define HAVE_SYS_TYPES_H 1
| #define HAVE_SYS_STAT_H 1
| #define HAVE_STDLIB_H 1
| #define HAVE_STRING_H 1
| #define HAVE_MEMORY_H 1
| #define HAVE_STRINGS_H 1
| #define HAVE_INTTYPES_H 1
| #define HAVE_STDINT_H 1
| #define HAVE_UNISTD_H 1
| #define HAVE_DLFCN_H 1
| #define LT_OBJDIR ".libs/"
| #define PACKAGE "kyfd"
| #define VERSION "0.0.5"
| /* end confdefs.h.  */
| #include <fst/fst.h>
configure:15608: result: no
configure:15608: checking for fst/fst.h
configure:15608: result: no
configure:15608: checking xerces/dom/DOM.hpp usability
configure:15608: gcc -c -g -O2  conftest.c >&5
conftest.c:56:30: fatal error: xerces/dom/DOM.hpp: No such file or directory
 #include <xerces/dom/DOM.hpp>
                              ^
compilation terminated.
configure:15608: $? = 1
configure: failed program was:
| /* confdefs.h */
| #define PACKAGE_NAME "kyfd"
| #define PACKAGE_TARNAME "kyfd"
| #define PACKAGE_VERSION "0.0.5"
| #define PACKAGE_STRING "kyfd 0.0.5"
| #define PACKAGE_BUGREPORT "kyfd@phontron.com"
| #define PACKAGE_URL ""
| #define STDC_HEADERS 1
| #define HAVE_SYS_TYPES_H 1
| #define HAVE_SYS_STAT_H 1
| #define HAVE_STDLIB_H 1
| #define HAVE_STRING_H 1
| #define HAVE_MEMORY_H 1
| #define HAVE_STRINGS_H 1
| #define HAVE_INTTYPES_H 1
| #define HAVE_STDINT_H 1
| #define HAVE_UNISTD_H 1
| #define HAVE_DLFCN_H 1
| #define LT_OBJDIR ".libs/"
| #define PACKAGE "kyfd"
| #define VERSION "0.0.5"
| /* end confdefs.h.  */
| #include <stdio.h>
| #ifdef HAVE_SYS_TYPES_H
| # include <sys/types.h>
| #endif
| #ifdef HAVE_SYS_STAT_H
| # include <sys/stat.h>
| #endif
| #ifdef STDC_HEADERS
| # include <stdlib.h>
| # include <stddef.h>
| #else
| # ifdef HAVE_STDLIB_H
| #  include <stdlib.h>
| # endif
| #endif
| #ifdef HAVE_STRING_H
| # if !defined STDC_HEADERS && defined HAVE_MEMORY_H
| #  include <memory.h>
| # endif
| # include <string.h>
| #endif
| #ifdef HAVE_STRINGS_H
| # include <strings.h>
| #endif
| #ifdef HAVE_INTTYPES_H
| # include <inttypes.h>
| #endif
| #ifdef HAVE_STDINT_H
| # include <stdint.h>
| #endif
| #ifdef HAVE_UNISTD_H
| # include <unistd.h>
| #endif
| #include <xerces/dom/DOM.hpp>
configure:15608: result: no
configure:15608: checking xerces/dom/DOM.hpp presence
configure:15608: gcc -E  conftest.c
conftest.c:23:30: fatal error: xerces/dom/DOM.hpp: No such file or directory
 #include <xerces/dom/DOM.hpp>
                              ^
compilation terminated.
configure:15608: $? = 1
configure: failed program was:
| /* confdefs.h */
| #define PACKAGE_NAME "kyfd"
| #define PACKAGE_TARNAME "kyfd"
| #define PACKAGE_VERSION "0.0.5"
| #define PACKAGE_STRING "kyfd 0.0.5"
| #define PACKAGE_BUGREPORT "kyfd@phontron.com"
| #define PACKAGE_URL ""
| #define STDC_HEADERS 1
| #define HAVE_SYS_TYPES_H 1
| #define HAVE_SYS_STAT_H 1
| #define HAVE_STDLIB_H 1
| #define HAVE_STRING_H 1
| #define HAVE_MEMORY_H 1
| #define HAVE_STRINGS_H 1
| #define HAVE_INTTYPES_H 1
| #define HAVE_STDINT_H 1
| #define HAVE_UNISTD_H 1
| #define HAVE_DLFCN_H 1
| #define LT_OBJDIR ".libs/"
| #define PACKAGE "kyfd"
| #define VERSION "0.0.5"
| /* end confdefs.h.  */
| #include <xerces/dom/DOM.hpp>
configure:15608: result: no
configure:15608: checking for xerces/dom/DOM.hpp
configure:15608: result: no
configure:15620: checking for stdbool.h that conforms to C99
configure:15687: gcc -c -g -O2  conftest.c >&5
configure:15687: $? = 0
configure:15694: result: yes
configure:15696: checking for _Bool
configure:15696: gcc -c -g -O2  conftest.c >&5
configure:15696: $? = 0
configure:15696: gcc -c -g -O2  conftest.c >&5
conftest.c: In function 'main':
conftest.c:59:20: error: expected expression before ')' token
 if (sizeof ((_Bool)))
                    ^
configure:15696: $? = 1
configure: failed program was:
| /* confdefs.h */
| #define PACKAGE_NAME "kyfd"
| #define PACKAGE_TARNAME "kyfd"
| #define PACKAGE_VERSION "0.0.5"
| #define PACKAGE_STRING "kyfd 0.0.5"
| #define PACKAGE_BUGREPORT "kyfd@phontron.com"
| #define PACKAGE_URL ""
| #define STDC_HEADERS 1
| #define HAVE_SYS_TYPES_H 1
| #define HAVE_SYS_STAT_H 1
| #define HAVE_STDLIB_H 1
| #define HAVE_STRING_H 1
| #define HAVE_MEMORY_H 1
| #define HAVE_STRINGS_H 1
| #define HAVE_INTTYPES_H 1
| #define HAVE_STDINT_H 1
| #define HAVE_UNISTD_H 1
| #define HAVE_DLFCN_H 1
| #define LT_OBJDIR ".libs/"
| #define PACKAGE "kyfd"
| #define VERSION "0.0.5"
| /* end confdefs.h.  */
| #include <stdio.h>
| #ifdef HAVE_SYS_TYPES_H
| # include <sys/types.h>
| #endif
| #ifdef HAVE_SYS_STAT_H
| # include <sys/stat.h>
| #endif
| #ifdef STDC_HEADERS
| # include <stdlib.h>
| # include <stddef.h>
| #else
| # ifdef HAVE_STDLIB_H
| #  include <stdlib.h>
| # endif
| #endif
| #ifdef HAVE_STRING_H
| # if !defined STDC_HEADERS && defined HAVE_MEMORY_H
| #  include <memory.h>
| # endif
| # include <string.h>
| #endif
| #ifdef HAVE_STRINGS_H
| # include <strings.h>
| #endif
| #ifdef HAVE_INTTYPES_H
| # include <inttypes.h>
| #endif
| #ifdef HAVE_STDINT_H
| # include <stdint.h>
| #endif
| #ifdef HAVE_UNISTD_H
| # include <unistd.h>
| #endif
| int
| main ()
| {
| if (sizeof ((_Bool)))
| 	    return 0;
|   ;
|   return 0;
| }
configure:15696: result: yes
configure:15712: checking for inline
configure:15728: gcc -c -g -O2  conftest.c >&5
configure:15728: $? = 0
configure:15736: result: inline
configure:15754: checking for size_t
configure:15754: gcc -c -g -O2  conftest.c >&5
configure:15754: $? = 0
configure:15754: gcc -c -g -O2  conftest.c >&5
conftest.c: In function 'main':
conftest.c:61:21: error: expected expression before ')' token
 if (sizeof ((size_t)))
                     ^
configure:15754: $? = 1
configure: failed program was:
| /* confdefs.h */
| #define PACKAGE_NAME "kyfd"
| #define PACKAGE_TARNAME "kyfd"
| #define PACKAGE_VERSION "0.0.5"
| #define PACKAGE_STRING "kyfd 0.0.5"
| #define PACKAGE_BUGREPORT "kyfd@phontron.com"
| #define PACKAGE_URL ""
| #define STDC_HEADERS 1
| #define HAVE_SYS_TYPES_H 1
| #define HAVE_SYS_STAT_H 1
| #define HAVE_STDLIB_H 1
| #define HAVE_STRING_H 1
| #define HAVE_MEMORY_H 1
| #define HAVE_STRINGS_H 1
| #define HAVE_INTTYPES_H 1
| #define HAVE_STDINT_H 1
| #define HAVE_UNISTD_H 1
| #define HAVE_DLFCN_H 1
| #define LT_OBJDIR ".libs/"
| #define PACKAGE "kyfd"
| #define VERSION "0.0.5"
| #define HAVE__BOOL 1
| #define HAVE_STDBOOL_H 1
| /* end confdefs.h.  */
| #include <stdio.h>
| #ifdef HAVE_SYS_TYPES_H
| # include <sys/types.h>
| #endif
| #ifdef HAVE_SYS_STAT_H
| # include <sys/stat.h>
| #endif
| #ifdef STDC_HEADERS
| # include <stdlib.h>
| # include <stddef.h>
| #else
| # ifdef HAVE_STDLIB_H
| #  include <stdlib.h>
| # endif
| #endif
| #ifdef HAVE_STRING_H
| # if !defined STDC_HEADERS && defined HAVE_MEMORY_H
| #  include <memory.h>
| # endif
| # include <string.h>
| #endif
| #ifdef HAVE_STRINGS_H
| # include <strings.h>
| #endif
| #ifdef HAVE_INTTYPES_H
| # include <inttypes.h>
| #endif
| #ifdef HAVE_STDINT_H
| # include <stdint.h>
| #endif
| #ifdef HAVE_UNISTD_H
| # include <unistd.h>
| #endif
| int
| main ()
| {
| if (sizeof ((size_t)))
| 	    return 0;
|   ;
|   return 0;
| }
configure:15754: result: yes
configure:15769: checking for floor
configure:15769: gcc -o conftest -g -O2   conftest.c  >&5
conftest.c:48:6: warning: conflicting types for built-in function 'floor'
 char floor ();
      ^~~~~
/tmp/ccBuiXuU.o: In function `main':
/mnt/matylda6/baskar/experiments/G2P/24thFeb18/require/kyfd-0.0.5/conftest.c:59: undefined reference to `floor'
collect2: error: ld returned 1 exit status
configure:15769: $? = 1
configure: failed program was:
| /* confdefs.h */
| #define PACKAGE_NAME "kyfd"
| #define PACKAGE_TARNAME "kyfd"
| #define PACKAGE_VERSION "0.0.5"
| #define PACKAGE_STRING "kyfd 0.0.5"
| #define PACKAGE_BUGREPORT "kyfd@phontron.com"
| #define PACKAGE_URL ""
| #define STDC_HEADERS 1
| #define HAVE_SYS_TYPES_H 1
| #define HAVE_SYS_STAT_H 1
| #define HAVE_STDLIB_H 1
| #define HAVE_STRING_H 1
| #define HAVE_MEMORY_H 1
| #define HAVE_STRINGS_H 1
| #define HAVE_INTTYPES_H 1
| #define HAVE_STDINT_H 1
| #define HAVE_UNISTD_H 1
| #define HAVE_DLFCN_H 1
| #define LT_OBJDIR ".libs/"
| #define PACKAGE "kyfd"
| #define VERSION "0.0.5"
| #define HAVE__BOOL 1
| #define HAVE_STDBOOL_H 1
| /* end confdefs.h.  */
| /* Define floor to an innocuous variant, in case <limits.h> declares floor.
|    For example, HP-UX 11i <limits.h> declares gettimeofday.  */
| #define floor innocuous_floor
| 
| /* System header to define __stub macros and hopefully few prototypes,
|     which can conflict with char floor (); below.
|     Prefer <limits.h> to <assert.h> if __STDC__ is defined, since
|     <limits.h> exists even on freestanding compilers.  */
| 
| #ifdef __STDC__
| # include <limits.h>
| #else
| # include <assert.h>
| #endif
| 
| #undef floor
| 
| /* Override any GCC internal prototype to avoid an error.
|    Use char because int might match the return type of a GCC
|    builtin and then its argument prototype would still apply.  */
| #ifdef __cplusplus
| extern "C"
| #endif
| char floor ();
| /* The GNU C library defines this for functions which it implements
|     to always fail with ENOSYS.  Some functions are actually named
|     something starting with __ and the normal name is an alias.  */
| #if defined __stub_floor || defined __stub___floor
| choke me
| #endif
| 
| int
| main ()
| {
| return floor ();
|   ;
|   return 0;
| }
configure:15769: result: no
configure:15913: creating ./config.status

## ---------------------- ##
## Running config.status. ##
## ---------------------- ##

This file was extended by kyfd config.status 0.0.5, which was
generated by GNU Autoconf 2.68.  Invocation command line was

  CONFIG_FILES    = 
  CONFIG_HEADERS  = 
  CONFIG_LINKS    = 
  CONFIG_COMMANDS = 
  $ ./config.status 

on pcspeech7.fit.vutbr.cz

config.status:1158: creating Makefile
config.status:1158: creating src/Makefile
config.status:1158: creating src/bin/Makefile
config.status:1158: creating src/lib/Makefile
config.status:1158: creating src/include/Makefile
config.status:1158: creating src/include/kyfd/Makefile
config.status:1158: creating config.h
config.status:1339: config.h is unchanged
config.status:1387: executing libtool commands
config.status:1387: executing depfiles commands

## ---------------- ##
## Cache variables. ##
## ---------------- ##

ac_cv_build=x86_64-unknown-linux-gnu
ac_cv_c_compiler_gnu=yes
ac_cv_c_inline=inline
ac_cv_cxx_compiler_gnu=yes
ac_cv_env_CCC_set=
ac_cv_env_CCC_value=
ac_cv_env_CC_set=
ac_cv_env_CC_value=
ac_cv_env_CFLAGS_set=
ac_cv_env_CFLAGS_value=
ac_cv_env_CPPFLAGS_set=
ac_cv_env_CPPFLAGS_value=
ac_cv_env_CPP_set=
ac_cv_env_CPP_value=
ac_cv_env_CXXCPP_set=
ac_cv_env_CXXCPP_value=
ac_cv_env_CXXFLAGS_set=
ac_cv_env_CXXFLAGS_value=
ac_cv_env_CXX_set=
ac_cv_env_CXX_value=
ac_cv_env_LDFLAGS_set=
ac_cv_env_LDFLAGS_value=
ac_cv_env_LIBS_set=
ac_cv_env_LIBS_value=
ac_cv_env_build_alias_set=
ac_cv_env_build_alias_value=
ac_cv_env_host_alias_set=
ac_cv_env_host_alias_value=
ac_cv_env_target_alias_set=
ac_cv_env_target_alias_value=
ac_cv_func_floor=no
ac_cv_header_dlfcn_h=yes
ac_cv_header_fst_fst_h=no
ac_cv_header_inttypes_h=yes
ac_cv_header_memory_h=yes
ac_cv_header_stdbool_h=yes
ac_cv_header_stdc=yes
ac_cv_header_stdint_h=yes
ac_cv_header_stdlib_h=yes
ac_cv_header_string_h=yes
ac_cv_header_strings_h=yes
ac_cv_header_sys_stat_h=yes
ac_cv_header_sys_types_h=yes
ac_cv_header_unistd_h=yes
ac_cv_header_xerces_dom_DOM_hpp=no
ac_cv_host=x86_64-unknown-linux-gnu
ac_cv_objext=o
ac_cv_path_EGREP='/bin/grep -E'
ac_cv_path_FGREP='/bin/grep -F'
ac_cv_path_GREP=/bin/grep
ac_cv_path_SED=/bin/sed
ac_cv_path_install='/bin/install -c'
ac_cv_path_mkdir=/bin/mkdir
ac_cv_prog_AWK=gawk
ac_cv_prog_CPP='gcc -E'
ac_cv_prog_CXXCPP='g++ -E'
ac_cv_prog_ac_ct_AR=ar
ac_cv_prog_ac_ct_CC=gcc
ac_cv_prog_ac_ct_CXX=g++
ac_cv_prog_ac_ct_OBJDUMP=objdump
ac_cv_prog_ac_ct_RANLIB=ranlib
ac_cv_prog_ac_ct_STRIP=strip
ac_cv_prog_cc_c89=
ac_cv_prog_cc_g=yes
ac_cv_prog_cxx_g=yes
ac_cv_prog_make_make_set=yes
ac_cv_type__Bool=yes
ac_cv_type_size_t=yes
am_cv_CC_dependencies_compiler_type=gcc3
am_cv_CXX_dependencies_compiler_type=gcc3
lt_cv_ar_at_file=@
lt_cv_deplibs_check_method=pass_all
lt_cv_file_magic_cmd='$MAGIC_CMD'
lt_cv_file_magic_test_file=
lt_cv_ld_reload_flag=-r
lt_cv_nm_interface='BSD nm'
lt_cv_objdir=.libs
lt_cv_path_LD=/usr/local/bin/ld
lt_cv_path_LDCXX='/usr/local/bin/ld -m elf_x86_64'
lt_cv_path_NM='/usr/local/bin/nm -B'
lt_cv_path_mainfest_tool=no
lt_cv_prog_compiler_c_o=yes
lt_cv_prog_compiler_c_o_CXX=yes
lt_cv_prog_compiler_pic='-fPIC -DPIC'
lt_cv_prog_compiler_pic_CXX='-fPIC -DPIC'
lt_cv_prog_compiler_pic_works=yes
lt_cv_prog_compiler_pic_works_CXX=yes
lt_cv_prog_compiler_rtti_exceptions=no
lt_cv_prog_compiler_static_works=no
lt_cv_prog_compiler_static_works_CXX=no
lt_cv_prog_gnu_ld=yes
lt_cv_prog_gnu_ldcxx=yes
lt_cv_sharedlib_from_linklib_cmd='printf %s\n'
lt_cv_shlibpath_overrides_runpath=no
lt_cv_sys_global_symbol_pipe='sed -n -e '\''s/^.*[	 ]\([ABCDGIRSTW][ABCDGIRSTW]*\)[	 ][	 ]*\([_A-Za-z][_A-Za-z0-9]*\)$/\1 \2 \2/p'\'' | sed '\''/ __gnu_lto/d'\'''
lt_cv_sys_global_symbol_to_c_name_address='sed -n -e '\''s/^: \([^ ]*\)[ ]*$/  {\"\1\", (void *) 0},/p'\'' -e '\''s/^[ABCDGIRSTW]* \([^ ]*\) \([^ ]*\)$/  {"\2", (void *) \&\2},/p'\'''
lt_cv_sys_global_symbol_to_c_name_address_lib_prefix='sed -n -e '\''s/^: \([^ ]*\)[ ]*$/  {\"\1\", (void *) 0},/p'\'' -e '\''s/^[ABCDGIRSTW]* \([^ ]*\) \(lib[^ ]*\)$/  {"\2", (void *) \&\2},/p'\'' -e '\''s/^[ABCDGIRSTW]* \([^ ]*\) \([^ ]*\)$/  {"lib\2", (void *) \&\2},/p'\'''
lt_cv_sys_global_symbol_to_cdecl='sed -n -e '\''s/^T .* \(.*\)$/extern int \1();/p'\'' -e '\''s/^[ABCDGIRSTW]* .* \(.*\)$/extern char \1;/p'\'''
lt_cv_sys_max_cmd_len=1572864
lt_cv_to_host_file_cmd=func_convert_file_noop
lt_cv_to_tool_file_cmd=func_convert_file_noop

## ----------------- ##
## Output variables. ##
## ----------------- ##

ACLOCAL='${SHELL} /mnt/matylda6/baskar/experiments/G2P/24thFeb18/require/kyfd-0.0.5/missing --run aclocal-1.11'
AMDEPBACKSLASH='\'
AMDEP_FALSE='#'
AMDEP_TRUE=''
AMTAR='$${TAR-tar}'
AR='ar'
AUTOCONF='${SHELL} /mnt/matylda6/baskar/experiments/G2P/24thFeb18/require/kyfd-0.0.5/missing --run autoconf'
AUTOHEADER='${SHELL} /mnt/matylda6/baskar/experiments/G2P/24thFeb18/require/kyfd-0.0.5/missing --run autoheader'
AUTOMAKE='${SHELL} /mnt/matylda6/baskar/experiments/G2P/24thFeb18/require/kyfd-0.0.5/missing --run automake-1.11'
AWK='gawk'
CC='gcc'
CCDEPMODE='depmode=gcc3'
CFLAGS='-g -O2'
CPP='gcc -E'
CPPFLAGS=''
CXX='g++'
CXXCPP='g++ -E'
CXXDEPMODE='depmode=gcc3'
CXXFLAGS='-g -O2'
CYGPATH_W='echo'
DEFS='-DHAVE_CONFIG_H'
DEPDIR='.deps'
DLLTOOL='false'
DSYMUTIL=''
DUMPBIN=''
ECHO_C=''
ECHO_N='-n'
ECHO_T=''
EGREP='/bin/grep -E'
EXEEXT=''
FGREP='/bin/grep -F'
GREP='/bin/grep'
INSTALL_DATA='${INSTALL} -m 644'
INSTALL_PROGRAM='${INSTALL}'
INSTALL_SCRIPT='${INSTALL}'
INSTALL_STRIP_PROGRAM='$(install_sh) -c -s'
LD='/usr/local/bin/ld -m elf_x86_64'
LDFLAGS=''
LIBOBJS=''
LIBS=''
LIBTOOL='$(SHELL) $(top_builddir)/libtool'
LIPO=''
LN_S='ln -s'
LTLIBOBJS=''
MAKEINFO='${SHELL} /mnt/matylda6/baskar/experiments/G2P/24thFeb18/require/kyfd-0.0.5/missing --run makeinfo'
MANIFEST_TOOL=':'
MKDIR_P='/bin/mkdir -p'
NM='/usr/local/bin/nm -B'
NMEDIT=''
OBJDUMP='objdump'
OBJEXT='o'
OTOOL64=''
OTOOL=''
PACKAGE='kyfd'
PACKAGE_BUGREPORT='kyfd@phontron.com'
PACKAGE_NAME='kyfd'
PACKAGE_STRING='kyfd 0.0.5'
PACKAGE_TARNAME='kyfd'
PACKAGE_URL=''
PACKAGE_VERSION='0.0.5'
PATH_SEPARATOR=':'
RANLIB='ranlib'
SED='/bin/sed'
SET_MAKE=''
SHELL='/bin/sh'
STRIP='strip'
VERSION='0.0.5'
ac_ct_AR='ar'
ac_ct_CC='gcc'
ac_ct_CXX='g++'
ac_ct_DUMPBIN=''
am__EXEEXT_FALSE=''
am__EXEEXT_TRUE='#'
am__fastdepCC_FALSE='#'
am__fastdepCC_TRUE=''
am__fastdepCXX_FALSE='#'
am__fastdepCXX_TRUE=''
am__include='include'
am__isrc=''
am__leading_dot='.'
am__nodep='_no'
am__quote=''
am__tar='$${TAR-tar} chof - "$$tardir"'
am__untar='$${TAR-tar} xf -'
bindir='${exec_prefix}/bin'
build='x86_64-unknown-linux-gnu'
build_alias=''
build_cpu='x86_64'
build_os='linux-gnu'
build_vendor='unknown'
datadir='${datarootdir}'
datarootdir='${prefix}/share'
docdir='${datarootdir}/doc/${PACKAGE_TARNAME}'
dvidir='${docdir}'
exec_prefix='${prefix}'
host='x86_64-unknown-linux-gnu'
host_alias=''
host_cpu='x86_64'
host_os='linux-gnu'
host_vendor='unknown'
htmldir='${docdir}'
includedir='${prefix}/include'
infodir='${datarootdir}/info'
install_sh='${SHELL} /mnt/matylda6/baskar/experiments/G2P/24thFeb18/require/kyfd-0.0.5/install-sh'
libdir='${exec_prefix}/lib'
libexecdir='${exec_prefix}/libexec'
localedir='${datarootdir}/locale'
localstatedir='${prefix}/var'
mandir='${datarootdir}/man'
mkdir_p='/bin/mkdir -p'
oldincludedir='/usr/include'
pdfdir='${docdir}'
prefix='/mnt/matylda6/baskar/experiments/G2P/24thFeb18/require/kyfd-0.0.5/build'
program_transform_name='s,x,x,'
psdir='${docdir}'
sbindir='${exec_prefix}/sbin'
sharedstatedir='${prefix}/com'
sysconfdir='${prefix}/etc'
target_alias=''

## ----------- ##
## confdefs.h. ##
## ----------- ##

/* confdefs.h */
#define PACKAGE_NAME "kyfd"
#define PACKAGE_TARNAME "kyfd"
#define PACKAGE_VERSION "0.0.5"
#define PACKAGE_STRING "kyfd 0.0.5"
#define PACKAGE_BUGREPORT "kyfd@phontron.com"
#define PACKAGE_URL ""
#define STDC_HEADERS 1
#define HAVE_SYS_TYPES_H 1
#define HAVE_SYS_STAT_H 1
#define HAVE_STDLIB_H 1
#define HAVE_STRING_H 1
#define HAVE_MEMORY_H 1
#define HAVE_STRINGS_H 1
#define HAVE_INTTYPES_H 1
#define HAVE_STDINT_H 1
#define HAVE_UNISTD_H 1
#define HAVE_DLFCN_H 1
#define LT_OBJDIR ".libs/"
#define PACKAGE "kyfd"
#define VERSION "0.0.5"
#define HAVE__BOOL 1
#define HAVE_STDBOOL_H 1

configure: exit 0

## ---------------------- ##
## Running config.status. ##
## ---------------------- ##

This file was extended by kyfd config.status 0.0.5, which was
generated by GNU Autoconf 2.68.  Invocation command line was

  CONFIG_FILES    = 
  CONFIG_HEADERS  = 
  CONFIG_LINKS    = 
  CONFIG_COMMANDS = 
  $ ./config.status src/Makefile

on pcspeech7.fit.vutbr.cz

config.status:1158: creating src/Makefile

## ---------------------- ##
## Running config.status. ##
## ---------------------- ##

This file was extended by kyfd config.status 0.0.5, which was
generated by GNU Autoconf 2.68.  Invocation command line was

  CONFIG_FILES    = 
  CONFIG_HEADERS  = 
  CONFIG_LINKS    = 
  CONFIG_COMMANDS = 
  $ ./config.status src/include/Makefile

on pcspeech7.fit.vutbr.cz

config.status:1158: creating src/include/Makefile

## ---------------------- ##
## Running config.status. ##
## ---------------------- ##

This file was extended by kyfd config.status 0.0.5, which was
generated by GNU Autoconf 2.68.  Invocation command line was

  CONFIG_FILES    = 
  CONFIG_HEADERS  = 
  CONFIG_LINKS    = 
  CONFIG_COMMANDS = 
  $ ./config.status src/include/kyfd/Makefile

on pcspeech7.fit.vutbr.cz

config.status:1158: creating src/include/kyfd/Makefile

## ---------------------- ##
## Running config.status. ##
## ---------------------- ##

This file was extended by kyfd config.status 0.0.5, which was
generated by GNU Autoconf 2.68.  Invocation command line was

  CONFIG_FILES    = 
  CONFIG_HEADERS  = 
  CONFIG_LINKS    = 
  CONFIG_COMMANDS = 
  $ ./config.status src/lib/Makefile depfiles

on pcspeech7.fit.vutbr.cz

config.status:1158: creating src/lib/Makefile
config.status:1387: executing depfiles commands

## ---------------------- ##
## Running config.status. ##
## ---------------------- ##

This file was extended by kyfd config.status 0.0.5, which was
generated by GNU Autoconf 2.68.  Invocation command line was

  CONFIG_FILES    = 
  CONFIG_HEADERS  = 
  CONFIG_LINKS    = 
  CONFIG_COMMANDS = 
  $ ./config.status Makefile

on pcspeech7.fit.vutbr.cz

config.status:1158: creating Makefile

## ---------------------- ##
## Running config.status. ##
## ---------------------- ##

This file was extended by kyfd config.status 0.0.5, which was
generated by GNU Autoconf 2.68.  Invocation command line was

  CONFIG_FILES    = 
  CONFIG_HEADERS  = 
  CONFIG_LINKS    = 
  CONFIG_COMMANDS = 
  $ ./config.status src/bin/Makefile depfiles

on pcspeech7.fit.vutbr.cz

config.status:1158: creating src/bin/Makefile
config.status:1387: executing depfiles commands

## ---------------------- ##
## Running config.status. ##
## ---------------------- ##

This file was extended by kyfd config.status 0.0.5, which was
generated by GNU Autoconf 2.68.  Invocation command line was

  CONFIG_FILES    = 
  CONFIG_HEADERS  = 
  CONFIG_LINKS    = 
  CONFIG_COMMANDS = 
  $ ./config.status src/lib/Makefile depfiles

on pcspeech7.fit.vutbr.cz

config.status:1158: creating src/lib/Makefile
config.status:1387: executing depfiles commands

## ---------------------- ##
## Running config.status. ##
## ---------------------- ##

This file was extended by kyfd config.status 0.0.5, which was
generated by GNU Autoconf 2.68.  Invocation command line was

  CONFIG_FILES    = 
  CONFIG_HEADERS  = 
  CONFIG_LINKS    = 
  CONFIG_COMMANDS = 
  $ ./config.status Makefile

on pcspeech7.fit.vutbr.cz

config.status:1158: creating Makefile

## ---------------------- ##
## Running config.status. ##
## ---------------------- ##

This file was extended by kyfd config.status 0.0.5, which was
generated by GNU Autoconf 2.68.  Invocation command line was

  CONFIG_FILES    = 
  CONFIG_HEADERS  = 
  CONFIG_LINKS    = 
  CONFIG_COMMANDS = 
  $ ./config.status src/Makefile

on pcspeech7.fit.vutbr.cz

config.status:1158: creating src/Makefile

## ---------------------- ##
## Running config.status. ##
## ---------------------- ##

This file was extended by kyfd config.status 0.0.5, which was
generated by GNU Autoconf 2.68.  Invocation command line was

  CONFIG_FILES    = 
  CONFIG_HEADERS  = 
  CONFIG_LINKS    = 
  CONFIG_COMMANDS = 
  $ ./config.status src/include/Makefile

on pcspeech7.fit.vutbr.cz

config.status:1158: creating src/include/Makefile

## ---------------------- ##
## Running config.status. ##
## ---------------------- ##

This file was extended by kyfd config.status 0.0.5, which was
generated by GNU Autoconf 2.68.  Invocation command line was

  CONFIG_FILES    = 
  CONFIG_HEADERS  = 
  CONFIG_LINKS    = 
  CONFIG_COMMANDS = 
  $ ./config.status src/include/kyfd/Makefile

on pcspeech7.fit.vutbr.cz

config.status:1158: creating src/include/kyfd/Makefile
